<?xml version="1.0" encoding="UTF-8"?>
<!-- Generated by org.testng.reporters.JUnitReportReporter -->
<testsuite hostname="LAPTOP-GAUPM6CM" failures="0" tests="1" name="testcases.regression.ValidateSearchHotelUsingKeyword" time="17.946" errors="0" timestamp="2024-09-04T10:13:58 IST" skipped="0">
  <testcase classname="testcases.regression.ValidateSearchHotelUsingKeyword" name="validateLoginTest1" time="17.946"/>
  <system-out/>
</testsuite> <!-- testcases.regression.ValidateSearchHotelUsingKeyword -->
